<?xml version="1.0" encoding="UTF-8"?>
<!-- Generated by org.testng.reporters.JUnitXMLReporter -->
<testsuite hostname="LAPTOP-6CEBMDT6" ignored="0" name="Default test" tests="2" failures="0" timestamp="09 Apr 2018 22:13:35 GMT" time="19.671" errors="0">
  <testcase name="runScenario" time="10.626" classname="cucumber.api.testng.AbstractTestNGCucumberTests"/>
  <testcase name="runScenario" time="8.625" classname="cucumber.api.testng.AbstractTestNGCucumberTests"/>
</testsuite> <!-- Default test -->
