<?xml version="1.0" encoding="UTF-8"?>
<!-- Generated by org.testng.reporters.JUnitXMLReporter -->
<testsuite hostname="Asels-MacBook-Pro.local" ignored="0" name="Default test" tests="2" failures="0" timestamp="09 Apr 2018 22:19:46 GMT" time="34.243" errors="0">
  <testcase name="runScenario" time="16.418" classname="cucumber.api.testng.AbstractTestNGCucumberTests"/>
  <testcase name="runScenario" time="17.429" classname="cucumber.api.testng.AbstractTestNGCucumberTests"/>
</testsuite> <!-- Default test -->
